16.7301 	WARNING 	Font Manager failed to load file C:\Users\Simão Francisco\AppData\Local\Microsoft\Windows\Fonts\helvetica-light-587ebe5a59211.ttf
16.7307 	WARNING 	Font Manager failed to load file C:\Users\Simão Francisco\AppData\Local\Microsoft\Windows\Fonts\RooneyPro-Heavy.ttf
16.7441 	WARNING 	Font Manager failed to load file C:\Users\Simão Francisco\AppData\Local\Microsoft\Windows\Fonts\KungFuPandaRegular-xYjV.ttf
16.7670 	WARNING 	Font Manager failed to load file C:\Users\Simão Francisco\AppData\Local\Microsoft\Windows\Fonts\MYRIADPRO-BOLDCONDIT.OTF
16.7672 	WARNING 	Font Manager failed to load file C:\Users\Simão Francisco\AppData\Local\Microsoft\Windows\Fonts\Fontspring-DEMO-scaffold-light.otf
16.7679 	WARNING 	Font Manager failed to load file C:\Users\Simão Francisco\AppData\Local\Microsoft\Windows\Fonts\Comfortaa-Light.ttf
16.7704 	WARNING 	Font Manager failed to load file C:\Users\Simão Francisco\AppData\Local\Microsoft\Windows\Fonts\Futura Medium Italic font.ttf
16.7706 	WARNING 	Font Manager failed to load file C:\Users\Simão Francisco\AppData\Local\Microsoft\Windows\Fonts\Futura Bold Italic font.ttf
16.7878 	WARNING 	Font Manager failed to load file C:\Users\Simão Francisco\AppData\Local\Microsoft\Windows\Fonts\myriad-pro-8.otf
16.7880 	WARNING 	Font Manager failed to load file C:\Users\Simão Francisco\AppData\Local\Microsoft\Windows\Fonts\Bogart-Extrabold-trial.ttf
16.7952 	WARNING 	Font Manager failed to load file C:\Users\Simão Francisco\AppData\Local\Microsoft\Windows\Fonts\futura medium bt.ttf
16.7968 	WARNING 	Font Manager failed to load file C:\Users\Simão Francisco\AppData\Local\Microsoft\Windows\Fonts\Bogart-Bold-Italic-trial.ttf
16.8128 	WARNING 	Font Manager failed to load file C:\Users\Simão Francisco\AppData\Local\Microsoft\Windows\Fonts\Monster AG.ttf
16.8141 	WARNING 	Font Manager failed to load file C:\Users\Simão Francisco\AppData\Local\Microsoft\Windows\Fonts\Bogart-Semibold-Italic-trial.ttf
16.8143 	WARNING 	Font Manager failed to load file C:\Users\Simão Francisco\AppData\Local\Microsoft\Windows\Fonts\futura light bt.ttf
16.8145 	WARNING 	Font Manager failed to load file C:\Users\Simão Francisco\AppData\Local\Microsoft\Windows\Fonts\RooneyPro-RegularItalic.ttf
16.8158 	WARNING 	Font Manager failed to load file C:\Users\Simão Francisco\AppData\Local\Microsoft\Windows\Fonts\Nexa Light.otf
16.8201 	WARNING 	Font Manager failed to load file C:\Users\Simão Francisco\AppData\Local\Microsoft\Windows\Fonts\Roboto-Bold.ttf
16.8216 	WARNING 	Font Manager failed to load file C:\Users\Simão Francisco\AppData\Local\Microsoft\Windows\Fonts\Bogart-Semibold-trial.ttf
16.8256 	WARNING 	Font Manager failed to load file C:\Users\Simão Francisco\AppData\Local\Microsoft\Windows\Fonts\Anton-Regular.ttf
16.8303 	WARNING 	Font Manager failed to load file C:\Users\Simão Francisco\AppData\Local\Microsoft\Windows\Fonts\MyriadPro-It.otf
16.8305 	WARNING 	Font Manager failed to load file C:\Users\Simão Francisco\AppData\Local\Microsoft\Windows\Fonts\Aller_Rg.ttf
16.8329 	WARNING 	Font Manager failed to load file C:\Users\Simão Francisco\AppData\Local\Microsoft\Windows\Fonts\Helvetica-Bold.ttf
16.8360 	WARNING 	Font Manager failed to load file C:\Users\Simão Francisco\AppData\Local\Microsoft\Windows\Fonts\Bogart-Thin-Italic-trial.ttf
16.8404 	WARNING 	Font Manager failed to load file C:\Users\Simão Francisco\AppData\Local\Microsoft\Windows\Fonts\Futura-CondensedLight.otf
16.8406 	WARNING 	Font Manager failed to load file C:\Users\Simão Francisco\AppData\Local\Microsoft\Windows\Fonts\RooneyPro-Bold.ttf
16.8413 	WARNING 	Font Manager failed to load file C:\Users\Simão Francisco\AppData\Local\Microsoft\Windows\Fonts\I Love Glitter - OTF.otf
16.8439 	WARNING 	Font Manager failed to load file C:\Users\Simão Francisco\AppData\Local\Microsoft\Windows\Fonts\Futura Light Italic font.ttf
16.8450 	WARNING 	Font Manager failed to load file C:\Users\Simão Francisco\AppData\Local\Microsoft\Windows\Fonts\coolvetica condensed rg.otf
16.8452 	WARNING 	Font Manager failed to load file C:\Users\Simão Francisco\AppData\Local\Microsoft\Windows\Fonts\Helvetica Neue W01 66 Medium It.ttf
16.8581 	WARNING 	Font Manager failed to load file C:\Users\Simão Francisco\AppData\Local\Microsoft\Windows\Fonts\EuropaGrotesqueBold Roman.ttf
16.8643 	WARNING 	Font Manager failed to load file C:\Users\Simão Francisco\AppData\Local\Microsoft\Windows\Fonts\Roboto-Medium.ttf
16.8661 	WARNING 	Font Manager failed to load file C:\Users\Simão Francisco\AppData\Local\Microsoft\Windows\Fonts\coolvetica compressed hv.otf
16.8677 	WARNING 	Font Manager failed to load file C:\Users\Simão Francisco\AppData\Local\Microsoft\Windows\Fonts\Bogart-Black-trial.ttf
16.8702 	WARNING 	Font Manager failed to load file C:\Users\Simão Francisco\AppData\Local\Microsoft\Windows\Fonts\Bogart-Extralight-trial.ttf
16.8743 	WARNING 	Font Manager failed to load file C:\Users\Simão Francisco\AppData\Local\Microsoft\Windows\Fonts\Louis George Cafe.ttf
16.8753 	WARNING 	Font Manager failed to load file C:\Users\Simão Francisco\AppData\Local\Microsoft\Windows\Fonts\tt0205m.ttf
16.8804 	WARNING 	Font Manager failed to load file C:\Users\Simão Francisco\AppData\Local\Microsoft\Windows\Fonts\Fontspring-DEMO-scaffold-semiboldoblique.otf
16.8823 	WARNING 	Font Manager failed to load file C:\Users\Simão Francisco\AppData\Local\Microsoft\Windows\Fonts\helvetica-compressed-5871d14b6903a.otf
16.8846 	WARNING 	Font Manager failed to load file C:\Users\Simão Francisco\AppData\Local\Microsoft\Windows\Fonts\Roboto-LightItalic.ttf
16.8862 	WARNING 	Font Manager failed to load file C:\Users\Simão Francisco\AppData\Local\Microsoft\Windows\Fonts\Fontspring-DEMO-scaffold-hairline.otf
16.8882 	WARNING 	Font Manager failed to load file C:\Users\Simão Francisco\AppData\Local\Microsoft\Windows\Fonts\Louis George Cafe Bold.ttf
16.8894 	WARNING 	Font Manager failed to load file C:\Users\Simão Francisco\AppData\Local\Microsoft\Windows\Fonts\MYRIADPRO-COND.OTF
16.8969 	WARNING 	Font Manager failed to load file C:\Users\Simão Francisco\AppData\Local\Microsoft\Windows\Fonts\Helvetica Neue W01 77 Bd Cn Obl.otf
16.9012 	WARNING 	Font Manager failed to load file C:\Users\Simão Francisco\AppData\Local\Microsoft\Windows\Fonts\NexaDemo-Light.ttf
16.9033 	WARNING 	Font Manager failed to load file C:\Users\Simão Francisco\AppData\Local\Microsoft\Windows\Fonts\Fontspring-DEMO-scaffold-regularoblique.otf
16.9095 	WARNING 	Font Manager failed to load file C:\Users\Simão Francisco\AppData\Local\Microsoft\Windows\Fonts\Helvetica Neue Medium Extended.otf
16.9126 	WARNING 	Font Manager failed to load file C:\Users\Simão Francisco\AppData\Local\Microsoft\Windows\Fonts\Bogart-Medium-trial.ttf
16.9148 	WARNING 	Font Manager failed to load file C:\Users\Simão Francisco\AppData\Local\Microsoft\Windows\Fonts\NexaDemo-Bold.ttf
16.9151 	WARNING 	Font Manager failed to load file C:\Users\Simão Francisco\AppData\Local\Microsoft\Windows\Fonts\Bogart-Light-Italic-trial.ttf
16.9153 	WARNING 	Font Manager failed to load file C:\Users\Simão Francisco\AppData\Local\Microsoft\Windows\Fonts\AllerDisplay.ttf
16.9192 	WARNING 	Font Manager failed to load file C:\Users\Simão Francisco\AppData\Local\Microsoft\Windows\Fonts\RooneyPro-BlackItalic.ttf
16.9237 	WARNING 	Font Manager failed to load file C:\Users\Simão Francisco\AppData\Local\Microsoft\Windows\Fonts\Futura Light font.ttf
16.9343 	WARNING 	Font Manager failed to load file C:\Users\Simão Francisco\AppData\Local\Microsoft\Windows\Fonts\coolvetica rg it.otf
16.9394 	WARNING 	Font Manager failed to load file C:\Users\Simão Francisco\AppData\Local\Microsoft\Windows\Fonts\Helvetica-Oblique.ttf
16.9408 	WARNING 	Font Manager failed to load file C:\Users\Simão Francisco\AppData\Local\Microsoft\Windows\Fonts\Fontspring-DEMO-scaffold-extralight.otf
16.9410 	WARNING 	Font Manager failed to load file C:\Users\Simão Francisco\AppData\Local\Microsoft\Windows\Fonts\Futura Heavy Italic font.ttf
16.9418 	WARNING 	Font Manager failed to load file C:\Users\Simão Francisco\AppData\Local\Microsoft\Windows\Fonts\Roboto-BlackItalic.ttf
16.9432 	WARNING 	Font Manager failed to load file C:\Users\Simão Francisco\AppData\Local\Microsoft\Windows\Fonts\Futura XBlk BT.ttf
16.9434 	WARNING 	Font Manager failed to load file C:\Users\Simão Francisco\AppData\Local\Microsoft\Windows\Fonts\JackportRegularNcv-BeY3.ttf
16.9507 	WARNING 	Font Manager failed to load file C:\Users\Simão Francisco\AppData\Local\Microsoft\Windows\Fonts\coolvetica crammed rg.otf
16.9532 	WARNING 	Font Manager failed to load file C:\Users\Simão Francisco\AppData\Local\Microsoft\Windows\Fonts\Futura Book font.ttf
16.9629 	WARNING 	Font Manager failed to load file C:\Users\Simão Francisco\AppData\Local\Microsoft\Windows\Fonts\Helvetica NeueLTW0693BlkExtObl.otf
16.9655 	WARNING 	Font Manager failed to load file C:\Users\Simão Francisco\AppData\Local\Microsoft\Windows\Fonts\Bogart-Light-trial.ttf
16.9657 	WARNING 	Font Manager failed to load file C:\Users\Simão Francisco\AppData\Local\Microsoft\Windows\Fonts\Bogart-Thin-trial.ttf
16.9690 	WARNING 	Font Manager failed to load file C:\Users\Simão Francisco\AppData\Local\Microsoft\Windows\Fonts\Roboto-BoldItalic.ttf
16.9710 	WARNING 	Font Manager failed to load file C:\Users\Simão Francisco\AppData\Local\Microsoft\Windows\Fonts\Blenda Script.otf
16.9716 	WARNING 	Font Manager failed to load file C:\Users\Simão Francisco\AppData\Local\Microsoft\Windows\Fonts\Fontspring-DEMO-scaffold-hairlineoblique.otf
16.9718 	WARNING 	Font Manager failed to load file C:\Users\Simão Francisco\AppData\Local\Microsoft\Windows\Fonts\Fontspring-DEMO-scaffold-lightoblique.otf
16.9719 	WARNING 	Font Manager failed to load file C:\Users\Simão Francisco\AppData\Local\Microsoft\Windows\Fonts\Bogart-Medium-Italic-trial.ttf
16.9742 	WARNING 	Font Manager failed to load file C:\Users\Simão Francisco\AppData\Local\Microsoft\Windows\Fonts\CollegiateheavyoutlineMedium-B0yx.ttf
16.9770 	WARNING 	Font Manager failed to load file C:\Users\Simão Francisco\AppData\Local\Microsoft\Windows\Fonts\RooneyPro-LightItalic.ttf
16.9811 	WARNING 	Font Manager failed to load file C:\Users\Simão Francisco\AppData\Local\Microsoft\Windows\Fonts\RooneyPro-Light.ttf
16.9822 	WARNING 	Font Manager failed to load file C:\Users\Simão Francisco\AppData\Local\Microsoft\Windows\Fonts\Fontspring-DEMO-scaffold-semibold.otf
16.9897 	WARNING 	Font Manager failed to load file C:\Users\Simão Francisco\AppData\Local\Microsoft\Windows\Fonts\MYRIADPRO-BOLDIT.OTF
16.9899 	WARNING 	Font Manager failed to load file C:\Users\Simão Francisco\AppData\Local\Microsoft\Windows\Fonts\Roboto-ThinItalic.ttf
16.9909 	WARNING 	Font Manager failed to load file C:\Users\Simão Francisco\AppData\Local\Microsoft\Windows\Fonts\helvetica-rounded-bold-5871d05ead8de.otf
16.9943 	WARNING 	Font Manager failed to load file C:\Users\Simão Francisco\AppData\Local\Microsoft\Windows\Fonts\kudos ssi bold italic.ttf
16.9973 	WARNING 	Font Manager failed to load file C:\Users\Simão Francisco\AppData\Local\Microsoft\Windows\Fonts\futura medium condensed bt.ttf
17.0005 	WARNING 	Font Manager failed to load file C:\Users\Simão Francisco\AppData\Local\Microsoft\Windows\Fonts\Aller_Std_Rg.ttf
17.0011 	WARNING 	Font Manager failed to load file C:\Users\Simão Francisco\AppData\Local\Microsoft\Windows\Fonts\Helvetica Neue LTW0697BlkCnObl.otf
17.0065 	WARNING 	Font Manager failed to load file C:\Users\Simão Francisco\AppData\Local\Microsoft\Windows\Fonts\Helvetica Neue W01 87 Hv Cn Obl.otf
17.0081 	WARNING 	Font Manager failed to load file C:\Users\Simão Francisco\AppData\Local\Microsoft\Windows\Fonts\MYRIADPRO-BOLDCOND.OTF
17.0135 	WARNING 	Font Manager failed to load file C:\Users\Simão Francisco\AppData\Local\Microsoft\Windows\Fonts\Bogart-Extrabold-Italic-trial.ttf
17.0137 	WARNING 	Font Manager failed to load file C:\Users\Simão Francisco\AppData\Local\Microsoft\Windows\Fonts\Futura Heavy font.ttf
17.0145 	WARNING 	Font Manager failed to load file C:\Users\Simão Francisco\AppData\Local\Microsoft\Windows\Fonts\MYRIADPRO-CONDIT.OTF
17.0178 	WARNING 	Font Manager failed to load file C:\Users\Simão Francisco\AppData\Local\Microsoft\Windows\Fonts\kudos ssi italic.ttf
17.0347 	WARNING 	Font Manager failed to load file C:\Users\Simão Francisco\AppData\Local\Microsoft\Windows\Fonts\Aller_BdIt.ttf
17.0402 	WARNING 	Font Manager failed to load file C:\Users\Simão Francisco\AppData\Local\Microsoft\Windows\Fonts\JackportCollegeNcv-1MZe.ttf
17.0419 	WARNING 	Font Manager failed to load file C:\Users\Simão Francisco\AppData\Local\Microsoft\Windows\Fonts\kudos ssi bold.ttf
17.0562 	WARNING 	Font Manager failed to load file C:\Users\Simão Francisco\AppData\Local\Microsoft\Windows\Fonts\Roboto-Regular.ttf
17.0667 	WARNING 	Font Manager failed to load file C:\Users\Simão Francisco\AppData\Local\Microsoft\Windows\Fonts\graduate-regular.ttf
17.0783 	WARNING 	Font Manager failed to load file C:\Users\Simão Francisco\AppData\Local\Microsoft\Windows\Fonts\AllerDisplay_Std_Rg.ttf
17.0835 	WARNING 	Font Manager failed to load file C:\Users\Simão Francisco\AppData\Local\Microsoft\Windows\Fonts\RooneyPro-BoldItalic.ttf
17.0873 	WARNING 	Font Manager failed to load file C:\Users\Simão Francisco\AppData\Local\Microsoft\Windows\Fonts\futur.ttf
17.0875 	WARNING 	Font Manager failed to load file C:\Users\Simão Francisco\AppData\Local\Microsoft\Windows\Fonts\Bogart-Bold-trial.ttf
17.0970 	WARNING 	Font Manager failed to load file C:\Users\Simão Francisco\AppData\Local\Microsoft\Windows\Fonts\Aller.ttf
17.1098 	WARNING 	Font Manager failed to load file C:\Users\Simão Francisco\AppData\Local\Microsoft\Windows\Fonts\Futura Bold font.ttf
17.1169 	WARNING 	Font Manager failed to load file C:\Users\Simão Francisco\AppData\Local\Microsoft\Windows\Fonts\RooneyPro-MediumItalic.ttf
17.1206 	WARNING 	Font Manager failed to load file C:\Users\Simão Francisco\AppData\Local\Microsoft\Windows\Fonts\Bogart-Black-Italic-trial.ttf
17.1218 	WARNING 	Font Manager failed to load file C:\Users\Simão Francisco\AppData\Local\Microsoft\Windows\Fonts\Roboto-Thin.ttf
17.1232 	WARNING 	Font Manager failed to load file C:\Users\Simão Francisco\AppData\Local\Microsoft\Windows\Fonts\hello honey.otf
17.1264 	WARNING 	Font Manager failed to load file C:\Users\Simão Francisco\AppData\Local\Microsoft\Windows\Fonts\Fontspring-DEMO-scaffold-bold.otf
17.1341 	WARNING 	Font Manager failed to load file C:\Users\Simão Francisco\AppData\Local\Microsoft\Windows\Fonts\njnaruto.ttf
17.1351 	WARNING 	Font Manager failed to load file C:\Users\Simão Francisco\AppData\Local\Microsoft\Windows\Fonts\I Love Glitter - TTF.ttf
17.1391 	WARNING 	Font Manager failed to load file C:\Users\Simão Francisco\AppData\Local\Microsoft\Windows\Fonts\Kudos Light SSi Light.ttf
17.1397 	WARNING 	Font Manager failed to load file C:\Users\Simão Francisco\AppData\Local\Microsoft\Windows\Fonts\RooneyPro-Medium.ttf
17.1398 	WARNING 	Font Manager failed to load file C:\Users\Simão Francisco\AppData\Local\Microsoft\Windows\Fonts\Comfortaa-Bold.ttf
17.1400 	WARNING 	Font Manager failed to load file C:\Users\Simão Francisco\AppData\Local\Microsoft\Windows\Fonts\Comfortaa-Regular.ttf
17.1410 	WARNING 	Font Manager failed to load file C:\Users\Simão Francisco\AppData\Local\Microsoft\Windows\Fonts\coolvetica rg.otf
17.1448 	WARNING 	Font Manager failed to load file C:\Users\Simão Francisco\AppData\Local\Microsoft\Windows\Fonts\Roboto-Italic.ttf
17.1465 	WARNING 	Font Manager failed to load file C:\Users\Simão Francisco\AppData\Local\Microsoft\Windows\Fonts\BebasNeue-Regular.ttf
17.1491 	WARNING 	Font Manager failed to load file C:\Users\Simão Francisco\AppData\Local\Microsoft\Windows\Fonts\Aller_It.ttf
17.1529 	WARNING 	Font Manager failed to load file C:\Users\Simão Francisco\AppData\Local\Microsoft\Windows\Fonts\RooneyPro-Black.ttf
17.1538 	WARNING 	Font Manager failed to load file C:\Users\Simão Francisco\AppData\Local\Microsoft\Windows\Fonts\Aller_Lt.ttf
17.1540 	WARNING 	Font Manager failed to load file C:\Users\Simão Francisco\AppData\Local\Microsoft\Windows\Fonts\Fontspring-DEMO-scaffold-heavy.otf
17.1550 	WARNING 	Font Manager failed to load file C:\Users\Simão Francisco\AppData\Local\Microsoft\Windows\Fonts\Helvetica Neue UltraLight.ttf
17.1571 	WARNING 	Font Manager failed to load file C:\Users\Simão Francisco\AppData\Local\Microsoft\Windows\Fonts\Bogart-Regular-trial.ttf
17.1577 	WARNING 	Font Manager failed to load file C:\Users\Simão Francisco\AppData\Local\Microsoft\Windows\Fonts\Roboto-Light.ttf
17.1683 	WARNING 	Font Manager failed to load file C:\Users\Simão Francisco\AppData\Local\Microsoft\Windows\Fonts\BobSponge-G4rD.ttf
17.1699 	WARNING 	Font Manager failed to load file C:\Users\Simão Francisco\AppData\Local\Microsoft\Windows\Fonts\Roboto-MediumItalic.ttf
17.1712 	WARNING 	Font Manager failed to load file C:\Users\Simão Francisco\AppData\Local\Microsoft\Windows\Fonts\Helvetica.ttf
17.1753 	WARNING 	Font Manager failed to load file C:\Users\Simão Francisco\AppData\Local\Microsoft\Windows\Fonts\Aller_LtIt.ttf
17.1806 	WARNING 	Font Manager failed to load file C:\Users\Simão Francisco\AppData\Local\Microsoft\Windows\Fonts\Fontspring-DEMO-scaffold-heavyoblique.otf
17.1815 	WARNING 	Font Manager failed to load file C:\Users\Simão Francisco\AppData\Local\Microsoft\Windows\Fonts\Louis George Cafe Italic.ttf
17.1881 	WARNING 	Font Manager failed to load file C:\Users\Simão Francisco\AppData\Local\Microsoft\Windows\Fonts\Louis George Cafe Light.ttf
17.1949 	WARNING 	Font Manager failed to load file C:\Users\Simão Francisco\AppData\Local\Microsoft\Windows\Fonts\unicode.futurab.ttf
17.1966 	WARNING 	Font Manager failed to load file C:\Users\Simão Francisco\AppData\Local\Microsoft\Windows\Fonts\cramaten - Copy.ttf
17.2032 	WARNING 	Font Manager failed to load file C:\Users\Simão Francisco\AppData\Local\Microsoft\Windows\Fonts\Helvetica-BoldOblique.ttf
17.2041 	WARNING 	Font Manager failed to load file C:\Users\Simão Francisco\AppData\Local\Microsoft\Windows\Fonts\MYRIADPRO-BOLD.OTF
17.2090 	WARNING 	Font Manager failed to load file C:\Users\Simão Francisco\AppData\Local\Microsoft\Windows\Fonts\Fontspring-DEMO-scaffold-regular.otf
17.2190 	WARNING 	Font Manager failed to load file C:\Users\Simão Francisco\AppData\Local\Microsoft\Windows\Fonts\RooneyPro-Regular.ttf
17.2368 	WARNING 	Font Manager failed to load file C:\Users\Simão Francisco\AppData\Local\Microsoft\Windows\Fonts\Deleted\Aller.ttf
17.2371 	WARNING 	Font Manager failed to load file C:\Users\Simão Francisco\AppData\Local\Microsoft\Windows\Fonts\Louis George Cafe Light Italic.ttf
17.2387 	WARNING 	Font Manager failed to load file C:\Users\Simão Francisco\AppData\Local\Microsoft\Windows\Fonts\Louis George Cafe Bold Italic.ttf
17.2473 	WARNING 	Font Manager failed to load file C:\Users\Simão Francisco\AppData\Local\Microsoft\Windows\Fonts\MYRIADPRO-SEMIBOLDIT.OTF
17.2526 	WARNING 	Font Manager failed to load file C:\Users\Simão Francisco\AppData\Local\Microsoft\Windows\Fonts\KudosSSi.ttf
17.2618 	WARNING 	Font Manager failed to load file C:\Users\Simão Francisco\AppData\Local\Microsoft\Windows\Fonts\varsity_regular.ttf
17.2620 	WARNING 	Font Manager failed to load file C:\Users\Simão Francisco\AppData\Local\Microsoft\Windows\Fonts\unicode.futurabb.ttf
17.2628 	WARNING 	Font Manager failed to load file C:\Users\Simão Francisco\AppData\Local\Microsoft\Windows\Fonts\MyriadPro-Light.otf
17.2654 	WARNING 	Font Manager failed to load file C:\Users\Simão Francisco\AppData\Local\Microsoft\Windows\Fonts\Fontspring-DEMO-scaffold-boldoblique.otf
17.2673 	WARNING 	Font Manager failed to load file C:\Users\Simão Francisco\AppData\Local\Microsoft\Windows\Fonts\RooneyPro-HeavyItalic.ttf
17.2681 	WARNING 	Font Manager failed to load file C:\Users\Simão Francisco\AppData\Local\Microsoft\Windows\Fonts\Fontspring-DEMO-scaffold-extralightoblique.otf
17.2683 	WARNING 	Font Manager failed to load file C:\Users\Simão Francisco\AppData\Local\Microsoft\Windows\Fonts\Nexa Bold.otf
17.2704 	WARNING 	Font Manager failed to load file C:\Users\Simão Francisco\AppData\Local\Microsoft\Windows\Fonts\MYRIADPRO-SEMIBOLD.OTF
17.2752 	WARNING 	Font Manager failed to load file C:\Users\Simão Francisco\AppData\Local\Microsoft\Windows\Fonts\NexaTextDemo-Bold.ttf
17.2814 	WARNING 	Font Manager failed to load file C:\Users\Simão Francisco\AppData\Local\Microsoft\Windows\Fonts\Roboto-Black.ttf
17.2852 	WARNING 	Font Manager failed to load file C:\Users\Simão Francisco\AppData\Local\Microsoft\Windows\Fonts\Futura Book Italic font.ttf
17.2862 	WARNING 	Font Manager failed to load file C:\Users\Simão Francisco\AppData\Local\Microsoft\Windows\Fonts\FontsFree-Net-Rodettawoff2.ttf
17.2879 	WARNING 	Font Manager failed to load file C:\Users\Simão Francisco\AppData\Local\Microsoft\Windows\Fonts\POGO+Display.ttf
17.2928 	WARNING 	Font Manager failed to load file C:\Users\Simão Francisco\AppData\Local\Microsoft\Windows\Fonts\Bogart-Extralight-Italic-trial.ttf
17.4693 	WARNING 	Font Manager failed to load file C:\Users\Simão Francisco\AppData\Local\Microsoft\Windows\Fonts\helvetica-light-587ebe5a59211.ttf
17.4699 	WARNING 	Font Manager failed to load file C:\Users\Simão Francisco\AppData\Local\Microsoft\Windows\Fonts\RooneyPro-Heavy.ttf
17.4795 	WARNING 	Font Manager failed to load file C:\Users\Simão Francisco\AppData\Local\Microsoft\Windows\Fonts\KungFuPandaRegular-xYjV.ttf
17.4919 	WARNING 	Font Manager failed to load file C:\Users\Simão Francisco\AppData\Local\Microsoft\Windows\Fonts\MYRIADPRO-BOLDCONDIT.OTF
17.4920 	WARNING 	Font Manager failed to load file C:\Users\Simão Francisco\AppData\Local\Microsoft\Windows\Fonts\Fontspring-DEMO-scaffold-light.otf
17.4926 	WARNING 	Font Manager failed to load file C:\Users\Simão Francisco\AppData\Local\Microsoft\Windows\Fonts\Comfortaa-Light.ttf
17.4944 	WARNING 	Font Manager failed to load file C:\Users\Simão Francisco\AppData\Local\Microsoft\Windows\Fonts\Futura Medium Italic font.ttf
17.4946 	WARNING 	Font Manager failed to load file C:\Users\Simão Francisco\AppData\Local\Microsoft\Windows\Fonts\Futura Bold Italic font.ttf
17.5068 	WARNING 	Font Manager failed to load file C:\Users\Simão Francisco\AppData\Local\Microsoft\Windows\Fonts\myriad-pro-8.otf
17.5070 	WARNING 	Font Manager failed to load file C:\Users\Simão Francisco\AppData\Local\Microsoft\Windows\Fonts\Bogart-Extrabold-trial.ttf
17.5130 	WARNING 	Font Manager failed to load file C:\Users\Simão Francisco\AppData\Local\Microsoft\Windows\Fonts\futura medium bt.ttf
17.5143 	WARNING 	Font Manager failed to load file C:\Users\Simão Francisco\AppData\Local\Microsoft\Windows\Fonts\Bogart-Bold-Italic-trial.ttf
17.5275 	WARNING 	Font Manager failed to load file C:\Users\Simão Francisco\AppData\Local\Microsoft\Windows\Fonts\Monster AG.ttf
17.5285 	WARNING 	Font Manager failed to load file C:\Users\Simão Francisco\AppData\Local\Microsoft\Windows\Fonts\Bogart-Semibold-Italic-trial.ttf
17.5287 	WARNING 	Font Manager failed to load file C:\Users\Simão Francisco\AppData\Local\Microsoft\Windows\Fonts\futura light bt.ttf
17.5289 	WARNING 	Font Manager failed to load file C:\Users\Simão Francisco\AppData\Local\Microsoft\Windows\Fonts\RooneyPro-RegularItalic.ttf
17.5300 	WARNING 	Font Manager failed to load file C:\Users\Simão Francisco\AppData\Local\Microsoft\Windows\Fonts\Nexa Light.otf
17.5343 	WARNING 	Font Manager failed to load file C:\Users\Simão Francisco\AppData\Local\Microsoft\Windows\Fonts\Roboto-Bold.ttf
17.5356 	WARNING 	Font Manager failed to load file C:\Users\Simão Francisco\AppData\Local\Microsoft\Windows\Fonts\Bogart-Semibold-trial.ttf
17.5385 	WARNING 	Font Manager failed to load file C:\Users\Simão Francisco\AppData\Local\Microsoft\Windows\Fonts\Anton-Regular.ttf
17.5424 	WARNING 	Font Manager failed to load file C:\Users\Simão Francisco\AppData\Local\Microsoft\Windows\Fonts\MyriadPro-It.otf
17.5426 	WARNING 	Font Manager failed to load file C:\Users\Simão Francisco\AppData\Local\Microsoft\Windows\Fonts\Aller_Rg.ttf
17.5445 	WARNING 	Font Manager failed to load file C:\Users\Simão Francisco\AppData\Local\Microsoft\Windows\Fonts\Helvetica-Bold.ttf
17.5468 	WARNING 	Font Manager failed to load file C:\Users\Simão Francisco\AppData\Local\Microsoft\Windows\Fonts\Bogart-Thin-Italic-trial.ttf
17.5502 	WARNING 	Font Manager failed to load file C:\Users\Simão Francisco\AppData\Local\Microsoft\Windows\Fonts\Futura-CondensedLight.otf
17.5504 	WARNING 	Font Manager failed to load file C:\Users\Simão Francisco\AppData\Local\Microsoft\Windows\Fonts\RooneyPro-Bold.ttf
17.5509 	WARNING 	Font Manager failed to load file C:\Users\Simão Francisco\AppData\Local\Microsoft\Windows\Fonts\I Love Glitter - OTF.otf
17.5530 	WARNING 	Font Manager failed to load file C:\Users\Simão Francisco\AppData\Local\Microsoft\Windows\Fonts\Futura Light Italic font.ttf
17.5539 	WARNING 	Font Manager failed to load file C:\Users\Simão Francisco\AppData\Local\Microsoft\Windows\Fonts\coolvetica condensed rg.otf
17.5541 	WARNING 	Font Manager failed to load file C:\Users\Simão Francisco\AppData\Local\Microsoft\Windows\Fonts\Helvetica Neue W01 66 Medium It.ttf
17.5647 	WARNING 	Font Manager failed to load file C:\Users\Simão Francisco\AppData\Local\Microsoft\Windows\Fonts\EuropaGrotesqueBold Roman.ttf
17.5686 	WARNING 	Font Manager failed to load file C:\Users\Simão Francisco\AppData\Local\Microsoft\Windows\Fonts\Roboto-Medium.ttf
17.5697 	WARNING 	Font Manager failed to load file C:\Users\Simão Francisco\AppData\Local\Microsoft\Windows\Fonts\coolvetica compressed hv.otf
17.5706 	WARNING 	Font Manager failed to load file C:\Users\Simão Francisco\AppData\Local\Microsoft\Windows\Fonts\Bogart-Black-trial.ttf
17.5726 	WARNING 	Font Manager failed to load file C:\Users\Simão Francisco\AppData\Local\Microsoft\Windows\Fonts\Bogart-Extralight-trial.ttf
17.5758 	WARNING 	Font Manager failed to load file C:\Users\Simão Francisco\AppData\Local\Microsoft\Windows\Fonts\Louis George Cafe.ttf
17.5768 	WARNING 	Font Manager failed to load file C:\Users\Simão Francisco\AppData\Local\Microsoft\Windows\Fonts\tt0205m.ttf
17.5815 	WARNING 	Font Manager failed to load file C:\Users\Simão Francisco\AppData\Local\Microsoft\Windows\Fonts\Fontspring-DEMO-scaffold-semiboldoblique.otf
17.5835 	WARNING 	Font Manager failed to load file C:\Users\Simão Francisco\AppData\Local\Microsoft\Windows\Fonts\helvetica-compressed-5871d14b6903a.otf
17.5853 	WARNING 	Font Manager failed to load file C:\Users\Simão Francisco\AppData\Local\Microsoft\Windows\Fonts\Roboto-LightItalic.ttf
17.5866 	WARNING 	Font Manager failed to load file C:\Users\Simão Francisco\AppData\Local\Microsoft\Windows\Fonts\Fontspring-DEMO-scaffold-hairline.otf
17.5881 	WARNING 	Font Manager failed to load file C:\Users\Simão Francisco\AppData\Local\Microsoft\Windows\Fonts\Louis George Cafe Bold.ttf
17.5890 	WARNING 	Font Manager failed to load file C:\Users\Simão Francisco\AppData\Local\Microsoft\Windows\Fonts\MYRIADPRO-COND.OTF
17.5947 	WARNING 	Font Manager failed to load file C:\Users\Simão Francisco\AppData\Local\Microsoft\Windows\Fonts\Helvetica Neue W01 77 Bd Cn Obl.otf
17.5974 	WARNING 	Font Manager failed to load file C:\Users\Simão Francisco\AppData\Local\Microsoft\Windows\Fonts\NexaDemo-Light.ttf
17.5988 	WARNING 	Font Manager failed to load file C:\Users\Simão Francisco\AppData\Local\Microsoft\Windows\Fonts\Fontspring-DEMO-scaffold-regularoblique.otf
17.6043 	WARNING 	Font Manager failed to load file C:\Users\Simão Francisco\AppData\Local\Microsoft\Windows\Fonts\Helvetica Neue Medium Extended.otf
17.6069 	WARNING 	Font Manager failed to load file C:\Users\Simão Francisco\AppData\Local\Microsoft\Windows\Fonts\Bogart-Medium-trial.ttf
17.6087 	WARNING 	Font Manager failed to load file C:\Users\Simão Francisco\AppData\Local\Microsoft\Windows\Fonts\NexaDemo-Bold.ttf
17.6089 	WARNING 	Font Manager failed to load file C:\Users\Simão Francisco\AppData\Local\Microsoft\Windows\Fonts\Bogart-Light-Italic-trial.ttf
17.6091 	WARNING 	Font Manager failed to load file C:\Users\Simão Francisco\AppData\Local\Microsoft\Windows\Fonts\AllerDisplay.ttf
17.6117 	WARNING 	Font Manager failed to load file C:\Users\Simão Francisco\AppData\Local\Microsoft\Windows\Fonts\RooneyPro-BlackItalic.ttf
17.6157 	WARNING 	Font Manager failed to load file C:\Users\Simão Francisco\AppData\Local\Microsoft\Windows\Fonts\Futura Light font.ttf
17.6263 	WARNING 	Font Manager failed to load file C:\Users\Simão Francisco\AppData\Local\Microsoft\Windows\Fonts\coolvetica rg it.otf
17.6316 	WARNING 	Font Manager failed to load file C:\Users\Simão Francisco\AppData\Local\Microsoft\Windows\Fonts\Helvetica-Oblique.ttf
17.6331 	WARNING 	Font Manager failed to load file C:\Users\Simão Francisco\AppData\Local\Microsoft\Windows\Fonts\Fontspring-DEMO-scaffold-extralight.otf
17.6333 	WARNING 	Font Manager failed to load file C:\Users\Simão Francisco\AppData\Local\Microsoft\Windows\Fonts\Futura Heavy Italic font.ttf
17.6341 	WARNING 	Font Manager failed to load file C:\Users\Simão Francisco\AppData\Local\Microsoft\Windows\Fonts\Roboto-BlackItalic.ttf
17.6354 	WARNING 	Font Manager failed to load file C:\Users\Simão Francisco\AppData\Local\Microsoft\Windows\Fonts\Futura XBlk BT.ttf
17.6356 	WARNING 	Font Manager failed to load file C:\Users\Simão Francisco\AppData\Local\Microsoft\Windows\Fonts\JackportRegularNcv-BeY3.ttf
17.6414 	WARNING 	Font Manager failed to load file C:\Users\Simão Francisco\AppData\Local\Microsoft\Windows\Fonts\coolvetica crammed rg.otf
17.6434 	WARNING 	Font Manager failed to load file C:\Users\Simão Francisco\AppData\Local\Microsoft\Windows\Fonts\Futura Book font.ttf
17.6527 	WARNING 	Font Manager failed to load file C:\Users\Simão Francisco\AppData\Local\Microsoft\Windows\Fonts\Helvetica NeueLTW0693BlkExtObl.otf
17.6553 	WARNING 	Font Manager failed to load file C:\Users\Simão Francisco\AppData\Local\Microsoft\Windows\Fonts\Bogart-Light-trial.ttf
17.6554 	WARNING 	Font Manager failed to load file C:\Users\Simão Francisco\AppData\Local\Microsoft\Windows\Fonts\Bogart-Thin-trial.ttf
17.6574 	WARNING 	Font Manager failed to load file C:\Users\Simão Francisco\AppData\Local\Microsoft\Windows\Fonts\Roboto-BoldItalic.ttf
17.6591 	WARNING 	Font Manager failed to load file C:\Users\Simão Francisco\AppData\Local\Microsoft\Windows\Fonts\Blenda Script.otf
17.6597 	WARNING 	Font Manager failed to load file C:\Users\Simão Francisco\AppData\Local\Microsoft\Windows\Fonts\Fontspring-DEMO-scaffold-hairlineoblique.otf
17.6598 	WARNING 	Font Manager failed to load file C:\Users\Simão Francisco\AppData\Local\Microsoft\Windows\Fonts\Fontspring-DEMO-scaffold-lightoblique.otf
17.6600 	WARNING 	Font Manager failed to load file C:\Users\Simão Francisco\AppData\Local\Microsoft\Windows\Fonts\Bogart-Medium-Italic-trial.ttf
17.6621 	WARNING 	Font Manager failed to load file C:\Users\Simão Francisco\AppData\Local\Microsoft\Windows\Fonts\CollegiateheavyoutlineMedium-B0yx.ttf
17.6646 	WARNING 	Font Manager failed to load file C:\Users\Simão Francisco\AppData\Local\Microsoft\Windows\Fonts\RooneyPro-LightItalic.ttf
17.6689 	WARNING 	Font Manager failed to load file C:\Users\Simão Francisco\AppData\Local\Microsoft\Windows\Fonts\RooneyPro-Light.ttf
17.6699 	WARNING 	Font Manager failed to load file C:\Users\Simão Francisco\AppData\Local\Microsoft\Windows\Fonts\Fontspring-DEMO-scaffold-semibold.otf
17.6767 	WARNING 	Font Manager failed to load file C:\Users\Simão Francisco\AppData\Local\Microsoft\Windows\Fonts\MYRIADPRO-BOLDIT.OTF
17.6769 	WARNING 	Font Manager failed to load file C:\Users\Simão Francisco\AppData\Local\Microsoft\Windows\Fonts\Roboto-ThinItalic.ttf
17.6778 	WARNING 	Font Manager failed to load file C:\Users\Simão Francisco\AppData\Local\Microsoft\Windows\Fonts\helvetica-rounded-bold-5871d05ead8de.otf
17.6809 	WARNING 	Font Manager failed to load file C:\Users\Simão Francisco\AppData\Local\Microsoft\Windows\Fonts\kudos ssi bold italic.ttf
17.6844 	WARNING 	Font Manager failed to load file C:\Users\Simão Francisco\AppData\Local\Microsoft\Windows\Fonts\futura medium condensed bt.ttf
17.6867 	WARNING 	Font Manager failed to load file C:\Users\Simão Francisco\AppData\Local\Microsoft\Windows\Fonts\Aller_Std_Rg.ttf
17.6872 	WARNING 	Font Manager failed to load file C:\Users\Simão Francisco\AppData\Local\Microsoft\Windows\Fonts\Helvetica Neue LTW0697BlkCnObl.otf
17.6917 	WARNING 	Font Manager failed to load file C:\Users\Simão Francisco\AppData\Local\Microsoft\Windows\Fonts\Helvetica Neue W01 87 Hv Cn Obl.otf
17.6929 	WARNING 	Font Manager failed to load file C:\Users\Simão Francisco\AppData\Local\Microsoft\Windows\Fonts\MYRIADPRO-BOLDCOND.OTF
17.6982 	WARNING 	Font Manager failed to load file C:\Users\Simão Francisco\AppData\Local\Microsoft\Windows\Fonts\Bogart-Extrabold-Italic-trial.ttf
17.6984 	WARNING 	Font Manager failed to load file C:\Users\Simão Francisco\AppData\Local\Microsoft\Windows\Fonts\Futura Heavy font.ttf
17.6992 	WARNING 	Font Manager failed to load file C:\Users\Simão Francisco\AppData\Local\Microsoft\Windows\Fonts\MYRIADPRO-CONDIT.OTF
17.7016 	WARNING 	Font Manager failed to load file C:\Users\Simão Francisco\AppData\Local\Microsoft\Windows\Fonts\kudos ssi italic.ttf
17.7144 	WARNING 	Font Manager failed to load file C:\Users\Simão Francisco\AppData\Local\Microsoft\Windows\Fonts\Aller_BdIt.ttf
17.7198 	WARNING 	Font Manager failed to load file C:\Users\Simão Francisco\AppData\Local\Microsoft\Windows\Fonts\JackportCollegeNcv-1MZe.ttf
17.7212 	WARNING 	Font Manager failed to load file C:\Users\Simão Francisco\AppData\Local\Microsoft\Windows\Fonts\kudos ssi bold.ttf
17.7310 	WARNING 	Font Manager failed to load file C:\Users\Simão Francisco\AppData\Local\Microsoft\Windows\Fonts\Roboto-Regular.ttf
17.7389 	WARNING 	Font Manager failed to load file C:\Users\Simão Francisco\AppData\Local\Microsoft\Windows\Fonts\graduate-regular.ttf
17.7476 	WARNING 	Font Manager failed to load file C:\Users\Simão Francisco\AppData\Local\Microsoft\Windows\Fonts\AllerDisplay_Std_Rg.ttf
17.7511 	WARNING 	Font Manager failed to load file C:\Users\Simão Francisco\AppData\Local\Microsoft\Windows\Fonts\RooneyPro-BoldItalic.ttf
17.7538 	WARNING 	Font Manager failed to load file C:\Users\Simão Francisco\AppData\Local\Microsoft\Windows\Fonts\futur.ttf
17.7540 	WARNING 	Font Manager failed to load file C:\Users\Simão Francisco\AppData\Local\Microsoft\Windows\Fonts\Bogart-Bold-trial.ttf
17.7618 	WARNING 	Font Manager failed to load file C:\Users\Simão Francisco\AppData\Local\Microsoft\Windows\Fonts\Aller.ttf
17.7728 	WARNING 	Font Manager failed to load file C:\Users\Simão Francisco\AppData\Local\Microsoft\Windows\Fonts\Futura Bold font.ttf
17.7789 	WARNING 	Font Manager failed to load file C:\Users\Simão Francisco\AppData\Local\Microsoft\Windows\Fonts\RooneyPro-MediumItalic.ttf
17.7817 	WARNING 	Font Manager failed to load file C:\Users\Simão Francisco\AppData\Local\Microsoft\Windows\Fonts\Bogart-Black-Italic-trial.ttf
17.7828 	WARNING 	Font Manager failed to load file C:\Users\Simão Francisco\AppData\Local\Microsoft\Windows\Fonts\Roboto-Thin.ttf
17.7839 	WARNING 	Font Manager failed to load file C:\Users\Simão Francisco\AppData\Local\Microsoft\Windows\Fonts\hello honey.otf
17.7872 	WARNING 	Font Manager failed to load file C:\Users\Simão Francisco\AppData\Local\Microsoft\Windows\Fonts\Fontspring-DEMO-scaffold-bold.otf
17.7954 	WARNING 	Font Manager failed to load file C:\Users\Simão Francisco\AppData\Local\Microsoft\Windows\Fonts\njnaruto.ttf
17.7963 	WARNING 	Font Manager failed to load file C:\Users\Simão Francisco\AppData\Local\Microsoft\Windows\Fonts\I Love Glitter - TTF.ttf
17.8008 	WARNING 	Font Manager failed to load file C:\Users\Simão Francisco\AppData\Local\Microsoft\Windows\Fonts\Kudos Light SSi Light.ttf
17.8014 	WARNING 	Font Manager failed to load file C:\Users\Simão Francisco\AppData\Local\Microsoft\Windows\Fonts\RooneyPro-Medium.ttf
17.8016 	WARNING 	Font Manager failed to load file C:\Users\Simão Francisco\AppData\Local\Microsoft\Windows\Fonts\Comfortaa-Bold.ttf
17.8018 	WARNING 	Font Manager failed to load file C:\Users\Simão Francisco\AppData\Local\Microsoft\Windows\Fonts\Comfortaa-Regular.ttf
17.8030 	WARNING 	Font Manager failed to load file C:\Users\Simão Francisco\AppData\Local\Microsoft\Windows\Fonts\coolvetica rg.otf
17.8074 	WARNING 	Font Manager failed to load file C:\Users\Simão Francisco\AppData\Local\Microsoft\Windows\Fonts\Roboto-Italic.ttf
17.8095 	WARNING 	Font Manager failed to load file C:\Users\Simão Francisco\AppData\Local\Microsoft\Windows\Fonts\BebasNeue-Regular.ttf
17.8122 	WARNING 	Font Manager failed to load file C:\Users\Simão Francisco\AppData\Local\Microsoft\Windows\Fonts\Aller_It.ttf
17.8161 	WARNING 	Font Manager failed to load file C:\Users\Simão Francisco\AppData\Local\Microsoft\Windows\Fonts\RooneyPro-Black.ttf
17.8173 	WARNING 	Font Manager failed to load file C:\Users\Simão Francisco\AppData\Local\Microsoft\Windows\Fonts\Aller_Lt.ttf
17.8174 	WARNING 	Font Manager failed to load file C:\Users\Simão Francisco\AppData\Local\Microsoft\Windows\Fonts\Fontspring-DEMO-scaffold-heavy.otf
17.8186 	WARNING 	Font Manager failed to load file C:\Users\Simão Francisco\AppData\Local\Microsoft\Windows\Fonts\Helvetica Neue UltraLight.ttf
17.8206 	WARNING 	Font Manager failed to load file C:\Users\Simão Francisco\AppData\Local\Microsoft\Windows\Fonts\Bogart-Regular-trial.ttf
17.8212 	WARNING 	Font Manager failed to load file C:\Users\Simão Francisco\AppData\Local\Microsoft\Windows\Fonts\Roboto-Light.ttf
17.8318 	WARNING 	Font Manager failed to load file C:\Users\Simão Francisco\AppData\Local\Microsoft\Windows\Fonts\BobSponge-G4rD.ttf
17.8334 	WARNING 	Font Manager failed to load file C:\Users\Simão Francisco\AppData\Local\Microsoft\Windows\Fonts\Roboto-MediumItalic.ttf
17.8345 	WARNING 	Font Manager failed to load file C:\Users\Simão Francisco\AppData\Local\Microsoft\Windows\Fonts\Helvetica.ttf
17.8371 	WARNING 	Font Manager failed to load file C:\Users\Simão Francisco\AppData\Local\Microsoft\Windows\Fonts\Aller_LtIt.ttf
17.8406 	WARNING 	Font Manager failed to load file C:\Users\Simão Francisco\AppData\Local\Microsoft\Windows\Fonts\Fontspring-DEMO-scaffold-heavyoblique.otf
17.8413 	WARNING 	Font Manager failed to load file C:\Users\Simão Francisco\AppData\Local\Microsoft\Windows\Fonts\Louis George Cafe Italic.ttf
17.8462 	WARNING 	Font Manager failed to load file C:\Users\Simão Francisco\AppData\Local\Microsoft\Windows\Fonts\Louis George Cafe Light.ttf
17.8511 	WARNING 	Font Manager failed to load file C:\Users\Simão Francisco\AppData\Local\Microsoft\Windows\Fonts\unicode.futurab.ttf
17.8523 	WARNING 	Font Manager failed to load file C:\Users\Simão Francisco\AppData\Local\Microsoft\Windows\Fonts\cramaten - Copy.ttf
17.8571 	WARNING 	Font Manager failed to load file C:\Users\Simão Francisco\AppData\Local\Microsoft\Windows\Fonts\Helvetica-BoldOblique.ttf
17.8576 	WARNING 	Font Manager failed to load file C:\Users\Simão Francisco\AppData\Local\Microsoft\Windows\Fonts\MYRIADPRO-BOLD.OTF
17.8610 	WARNING 	Font Manager failed to load file C:\Users\Simão Francisco\AppData\Local\Microsoft\Windows\Fonts\Fontspring-DEMO-scaffold-regular.otf
17.8687 	WARNING 	Font Manager failed to load file C:\Users\Simão Francisco\AppData\Local\Microsoft\Windows\Fonts\RooneyPro-Regular.ttf
17.8832 	WARNING 	Font Manager failed to load file C:\Users\Simão Francisco\AppData\Local\Microsoft\Windows\Fonts\Deleted\Aller.ttf
17.8834 	WARNING 	Font Manager failed to load file C:\Users\Simão Francisco\AppData\Local\Microsoft\Windows\Fonts\Louis George Cafe Light Italic.ttf
17.8845 	WARNING 	Font Manager failed to load file C:\Users\Simão Francisco\AppData\Local\Microsoft\Windows\Fonts\Louis George Cafe Bold Italic.ttf
17.8917 	WARNING 	Font Manager failed to load file C:\Users\Simão Francisco\AppData\Local\Microsoft\Windows\Fonts\MYRIADPRO-SEMIBOLDIT.OTF
17.8965 	WARNING 	Font Manager failed to load file C:\Users\Simão Francisco\AppData\Local\Microsoft\Windows\Fonts\KudosSSi.ttf
17.9063 	WARNING 	Font Manager failed to load file C:\Users\Simão Francisco\AppData\Local\Microsoft\Windows\Fonts\varsity_regular.ttf
17.9065 	WARNING 	Font Manager failed to load file C:\Users\Simão Francisco\AppData\Local\Microsoft\Windows\Fonts\unicode.futurabb.ttf
17.9074 	WARNING 	Font Manager failed to load file C:\Users\Simão Francisco\AppData\Local\Microsoft\Windows\Fonts\MyriadPro-Light.otf
17.9102 	WARNING 	Font Manager failed to load file C:\Users\Simão Francisco\AppData\Local\Microsoft\Windows\Fonts\Fontspring-DEMO-scaffold-boldoblique.otf
17.9120 	WARNING 	Font Manager failed to load file C:\Users\Simão Francisco\AppData\Local\Microsoft\Windows\Fonts\RooneyPro-HeavyItalic.ttf
17.9126 	WARNING 	Font Manager failed to load file C:\Users\Simão Francisco\AppData\Local\Microsoft\Windows\Fonts\Fontspring-DEMO-scaffold-extralightoblique.otf
17.9128 	WARNING 	Font Manager failed to load file C:\Users\Simão Francisco\AppData\Local\Microsoft\Windows\Fonts\Nexa Bold.otf
17.9146 	WARNING 	Font Manager failed to load file C:\Users\Simão Francisco\AppData\Local\Microsoft\Windows\Fonts\MYRIADPRO-SEMIBOLD.OTF
17.9234 	WARNING 	Font Manager failed to load file C:\Users\Simão Francisco\AppData\Local\Microsoft\Windows\Fonts\NexaTextDemo-Bold.ttf
17.9306 	WARNING 	Font Manager failed to load file C:\Users\Simão Francisco\AppData\Local\Microsoft\Windows\Fonts\Roboto-Black.ttf
17.9350 	WARNING 	Font Manager failed to load file C:\Users\Simão Francisco\AppData\Local\Microsoft\Windows\Fonts\Futura Book Italic font.ttf
17.9360 	WARNING 	Font Manager failed to load file C:\Users\Simão Francisco\AppData\Local\Microsoft\Windows\Fonts\FontsFree-Net-Rodettawoff2.ttf
17.9378 	WARNING 	Font Manager failed to load file C:\Users\Simão Francisco\AppData\Local\Microsoft\Windows\Fonts\POGO+Display.ttf
17.9435 	WARNING 	Font Manager failed to load file C:\Users\Simão Francisco\AppData\Local\Microsoft\Windows\Fonts\Bogart-Extralight-Italic-trial.ttf
31.1887 	WARNING 	User requested fullscreen with size [1280  720], but screen is actually [1920, 1080]. Using actual size
34.0928 	EXP 	Created window1 = Window(allowGUI=True, allowStencil=False, autoLog=True, backendConf=UNKNOWN, backgroundFit=<method-wrapper '__getattribute__' of attributeSetter object at 0x000001E96E3A7310>, backgroundImage=<method-wrapper '__getattribute__' of attributeSetter object at 0x000001E96E3A72B0>, bitsMode=UNKNOWN, blendMode='avg', bpc=(8, 8, 8), color=array([-1., -1., -1.]), colorSpace='rgb', depthBits=8, fullscr=<method-wrapper '__getattribute__' of attributeSetter object at 0x000001E96E3A7100>, gamma=None, gammaErrorPolicy='raise', infoMsg=UNKNOWN, lms=UNKNOWN, monitor=<psychopy.monitors.calibTools.Monitor object at 0x000001E96E664760>, multiSample=False, name='window1', numSamples=2, pos=[0.0, 0.0], screen=0, size=array([1920, 1080]), stencilBits=0, stereo=False, title='PsychoPy', units='height', useFBO=True, useRetina=False, viewOri=0.0, viewPos=None, viewScale=None, waitBlanking=True, winType='pyglet')
34.0931 	EXP 	window1: mouseVisible = True
34.0932 	EXP 	window1: backgroundImage = ''
34.0932 	EXP 	window1: backgroundFit = 'none'
34.0937 	EXP 	window1: mouseVisible = True
34.0949 	EXP 	window1: mouseVisible = True
34.1149 	EXP 	window1: mouseVisible = True
34.1164 	EXP 	window1: mouseVisible = True
34.2628 	EXP 	window1: mouseVisible = True
34.2631 	EXP 	window1: mouseVisible = True
34.2646 	EXP 	window1: mouseVisible = True
34.2661 	EXP 	window1: mouseVisible = True
34.3583 	EXP 	window1: Attempting to measure frame rate of screen (0) ...
34.3583 	EXP 	window1: recordFrameIntervals = False
34.5488 	EXP 	window1: recordFrameIntervals = True
34.7323 	EXP 	Screen (0) actual frame rate measured at 60.00Hz
34.7324 	EXP 	window1: recordFrameIntervals = False
34.7326 	EXP 	window1: mouseVisible = False
42.2008 	EXP 	Motor Imagery: status = STARTED
42.2017 	EXP 	window1: mouseVisible = True
43.0031 	EXP 	Created textWelcomeMessage = TextStim(__class__=<class 'psychopy.visual.text.TextStim'>, alignHoriz=method-wrapper(...), alignText='center', alignVert=method-wrapper(...), anchorHoriz='center', anchorVert='center', antialias=True, autoDraw=False, autoLog=True, bold=False, color=array([1., 1., 1.]), colorSpace='rgb', contrast=1.0, depth=0.0, draggable=False, flipHoriz=False, flipVert=False, font='Open Sans', fontFiles=[], height=0.05, italic=False, languageStyle='LTR', name='textWelcomeMessage', opacity=1.0, ori=0.0, pos=array([0., 0.]), rgb=UNKNOWN, text='Bem-Vindo ao Experimento!', units='height', win=Window(...), wrapWidth=1)
43.0036 	EXP 	window1: mouseVisible = True
43.0114 	EXP 	Created textBlank200 = TextStim(__class__=<class 'psychopy.visual.text.TextStim'>, alignHoriz=method-wrapper(...), alignText='center', alignVert=method-wrapper(...), anchorHoriz='center', anchorVert='center', antialias=True, autoDraw=False, autoLog=True, bold=False, color=array([1., 1., 1.]), colorSpace='rgb', contrast=1.0, depth=0.0, draggable=False, flipHoriz=False, flipVert=False, font='Open Sans', fontFiles=[], height=0.05, italic=False, languageStyle='LTR', name='textBlank200', opacity=1.0, ori=0.0, pos=array([0., 0.]), rgb=UNKNOWN, text='', units='height', win=Window(...), wrapWidth=1)
43.0118 	EXP 	window1: mouseVisible = True
43.0170 	EXP 	Created textOrientationMessage = TextStim(__class__=<class 'psychopy.visual.text.TextStim'>, alignHoriz=method-wrapper(...), alignText='center', alignVert=method-wrapper(...), anchorHoriz='center', anchorVert='center', antialias=True, autoDraw=False, autoLog=True, bold=False, color=array([1., 1., 1.]), colorSpace='rgb', contrast=1.0, depth=0.0, draggable=False, flipHoriz=False, flipVert=False, font='Open Sans', fontFiles=[], height=0.05, italic=False, languageStyle='LTR', name='textOrientationMessage', opacity=1.0, ori=0.0, pos=array([0., 0.]), rgb=UNKNOWN, text='', units='height', win=Window(...), wrapWidth=1)
43.0175 	EXP 	window1: mouseVisible = True
43.0235 	EXP 	Created polygon_start = Rect(__class__=<class 'psychopy.visual.rect.Rect'>, anchor=('center', 'center'), autoDraw=False, autoLog=True, closeShape=True, color=method-wrapper(...), colorSpace='rgb', contrast=None, depth=0.0, draggable=False, fillColor=array([-1.,  1.,  1.]), fillColorSpace='rgb', fillRGB=array([-1.,  1.,  1.]), interpolate=True, lineColor=array([-1.,  1.,  1.]), lineColorSpace='rgb', lineRGB=array([-1.,  1.,  1.]), lineWidth=1.0, name='polygon_start', opacity=1.0, ori=0.0, pos=array([-0.8, -0.5]), size=array([0.2, 0.4]), units='height', vertices=ndarray(...), win=Window(...))
43.0239 	EXP 	window1: mouseVisible = True
43.0600 	EXP 	Created textrest = TextStim(__class__=<class 'psychopy.visual.text.TextStim'>, alignHoriz=method-wrapper(...), alignText='center', alignVert=method-wrapper(...), anchorHoriz='center', anchorVert='center', antialias=True, autoDraw=False, autoLog=True, bold=False, color=array([1., 1., 1.]), colorSpace='rgb', contrast=1.0, depth=0.0, draggable=False, flipHoriz=False, flipVert=False, font='Open Sans', fontFiles=[], height=0.05, italic=False, languageStyle='LTR', name='textrest', opacity=1.0, ori=0.0, pos=array([0., 0.]), rgb=UNKNOWN, text='Descansa durante 4s', units='height', win=Window(...), wrapWidth=1)
43.0620 	EXP 	window1: mouseVisible = True
43.0691 	EXP 	Created polygon_rest = Rect(__class__=<class 'psychopy.visual.rect.Rect'>, anchor=('center', 'center'), autoDraw=False, autoLog=True, closeShape=True, color=method-wrapper(...), colorSpace='rgb', contrast=None, depth=-1.0, draggable=False, fillColor=array([1., 1., 1.]), fillColorSpace='rgb', fillRGB=array([1., 1., 1.]), interpolate=True, lineColor=array([1., 1., 1.]), lineColorSpace='rgb', lineRGB=array([1., 1., 1.]), lineWidth=1.0, name='polygon_rest', opacity=1.0, ori=0.0, pos=array([-0.8, -0.5]), size=array([0.2, 0.4]), units='height', vertices=ndarray(...), win=Window(...))
43.0700 	EXP 	window1: mouseVisible = True
43.0777 	EXP 	Created polygonDE = Rect(__class__=<class 'psychopy.visual.rect.Rect'>, anchor=('center', 'center'), autoDraw=False, autoLog=True, closeShape=True, color=method-wrapper(...), colorSpace='rgb', contrast=None, depth=0.0, draggable=False, fillColor=array([1, 1, 1]), fillColorSpace='rgb', fillRGB=array([1, 1, 1]), interpolate=True, lineColor=array([1., 1., 1.]), lineColorSpace='rgb', lineRGB=array([1, 1, 1]), lineWidth=1.0, name='polygonDE', opacity=1.0, ori=0.0, pos=array([-0.8, -0.5]), size=array([0.2, 0.4]), units='height', vertices=ndarray(...), win=Window(...))
43.0780 	EXP 	window1: mouseVisible = True
43.1232 	EXP 	Created image = ImageStim(__class__=<class 'psychopy.visual.image.ImageStim'>, anchor=('center', 'center'), autoLog=True, color=array([1., 1., 1.]), colorSpace='rgb', contrast=1.0, depth=-2.0, draggable=False, flipHoriz=False, flipVert=False, image='default.png', interpolate=True, mask=None, maskParams=None, name='image', opacity=1.0, ori=0.0, pos=array([0., 0.]), size=array([0.5, 0.5]), texRes=128.0, units='height', win=Window(...))
43.1239 	EXP 	window1: mouseVisible = True
43.1298 	EXP 	Created textOrientationMessage2 = TextStim(__class__=<class 'psychopy.visual.text.TextStim'>, alignHoriz=method-wrapper(...), alignText='center', alignVert=method-wrapper(...), anchorHoriz='center', anchorVert='center', antialias=True, autoDraw=False, autoLog=True, bold=False, color=array([1., 1., 1.]), colorSpace='rgb', contrast=1.0, depth=0.0, draggable=False, flipHoriz=False, flipVert=False, font='Open Sans', fontFiles=[], height=0.05, italic=False, languageStyle='LTR', name='textOrientationMessage2', opacity=1.0, ori=0.0, pos=array([0., 0.]), rgb=UNKNOWN, text='', units='height', win=Window(...), wrapWidth=1)
43.1302 	EXP 	window1: mouseVisible = True
43.1340 	EXP 	Created polygon_start = Rect(__class__=<class 'psychopy.visual.rect.Rect'>, anchor=('center', 'center'), autoDraw=False, autoLog=True, closeShape=True, color=method-wrapper(...), colorSpace='rgb', contrast=None, depth=0.0, draggable=False, fillColor=array([-1.,  1.,  1.]), fillColorSpace='rgb', fillRGB=array([-1.,  1.,  1.]), interpolate=True, lineColor=array([-1.,  1.,  1.]), lineColorSpace='rgb', lineRGB=array([-1.,  1.,  1.]), lineWidth=1.0, name='polygon_start', opacity=1.0, ori=0.0, pos=array([-0.8, -0.5]), size=array([0.2, 0.4]), units='height', vertices=ndarray(...), win=Window(...))
43.1344 	EXP 	window1: mouseVisible = True
43.1493 	EXP 	Created textrest = TextStim(__class__=<class 'psychopy.visual.text.TextStim'>, alignHoriz=method-wrapper(...), alignText='center', alignVert=method-wrapper(...), anchorHoriz='center', anchorVert='center', antialias=True, autoDraw=False, autoLog=True, bold=False, color=array([1., 1., 1.]), colorSpace='rgb', contrast=1.0, depth=0.0, draggable=False, flipHoriz=False, flipVert=False, font='Open Sans', fontFiles=[], height=0.05, italic=False, languageStyle='LTR', name='textrest', opacity=1.0, ori=0.0, pos=array([0., 0.]), rgb=UNKNOWN, text='Descansa durante 4s', units='height', win=Window(...), wrapWidth=1)
43.1499 	EXP 	window1: mouseVisible = True
43.1561 	EXP 	Created polygon_rest = Rect(__class__=<class 'psychopy.visual.rect.Rect'>, anchor=('center', 'center'), autoDraw=False, autoLog=True, closeShape=True, color=method-wrapper(...), colorSpace='rgb', contrast=None, depth=-1.0, draggable=False, fillColor=array([1., 1., 1.]), fillColorSpace='rgb', fillRGB=array([1., 1., 1.]), interpolate=True, lineColor=array([1., 1., 1.]), lineColorSpace='rgb', lineRGB=array([1., 1., 1.]), lineWidth=1.0, name='polygon_rest', opacity=1.0, ori=0.0, pos=array([-0.8, -0.5]), size=array([0.2, 0.4]), units='height', vertices=ndarray(...), win=Window(...))
43.1568 	EXP 	window1: mouseVisible = True
43.1653 	EXP 	Created polygonPP = Rect(__class__=<class 'psychopy.visual.rect.Rect'>, anchor=('center', 'center'), autoDraw=False, autoLog=True, closeShape=True, color=method-wrapper(...), colorSpace='rgb', contrast=None, depth=0.0, draggable=False, fillColor=array([1, 1, 1]), fillColorSpace='rgb', fillRGB=array([1, 1, 1]), interpolate=True, lineColor=array([1., 1., 1.]), lineColorSpace='rgb', lineRGB=array([1, 1, 1]), lineWidth=1.0, name='polygonPP', opacity=1.0, ori=0.0, pos=array([-0.8, -0.5]), size=array([0.2, 0.4]), units='height', vertices=ndarray(...), win=Window(...))
43.1658 	EXP 	window1: mouseVisible = True
43.1788 	EXP 	Created image_2 = ImageStim(__class__=<class 'psychopy.visual.image.ImageStim'>, anchor=('center', 'center'), autoLog=True, color=array([1., 1., 1.]), colorSpace='rgb', contrast=1.0, depth=-2.0, draggable=False, flipHoriz=False, flipVert=False, image='default.png', interpolate=True, mask=None, maskParams=None, name='image_2', opacity=1.0, ori=0.0, pos=array([0., 0.]), size=array([0.5, 0.5]), texRes=128.0, units='height', win=Window(...))
43.1792 	EXP 	window1: mouseVisible = True
43.2068 	EXP 	Created textGoodBuyMessage = TextStim(__class__=<class 'psychopy.visual.text.TextStim'>, alignHoriz=method-wrapper(...), alignText='center', alignVert=method-wrapper(...), anchorHoriz='center', anchorVert='center', antialias=True, autoDraw=False, autoLog=True, bold=False, color=array([1., 1., 1.]), colorSpace='rgb', contrast=1.0, depth=0.0, draggable=False, flipHoriz=False, flipVert=False, font='Open Sans', fontFiles=[], height=0.05, italic=False, languageStyle='LTR', name='textGoodBuyMessage', opacity=1.0, ori=0.0, pos=array([0., 0.]), rgb=UNKNOWN, text='Obrigado por participar', units='height', win=Window(...), wrapWidth=1)
0.2442 	EXP 	textWelcomeMessage: autoDraw = True
2.0289 	EXP 	textWelcomeMessage: autoDraw = False
2.0289 	EXP 	textBlank200: autoDraw = True
2.2163 	EXP 	Created sequence: sequential, trialTypes=1, nReps=5, seed=None
2.2220 	EXP 	New trial (rep=0, index=0): None
2.2712 	EXP 	Imported Stimulation.xlsx as conditions, 2 conditions, 4 params
2.2720 	EXP 	Created sequence: sequential, trialTypes=2, nReps=1, seed=None
2.2723 	EXP 	New trial (rep=0, index=0): {'individual_punho': 'Imagens/right.png', 'ambos_punhos_pes': 'Imagens/up.png', 'instructions1': 'Vais fechar e abrir o punho direito ou esquerdo, mediante te apareça as setas "Direita" ou "Esquerda". Pressione a barra do ESPAÇO para começar.', 'instructions2': 'Vais fechar e abrir ambos os punhos ou os pés, mediante te apareçam as setas "Para cima" ou "Para baixo", respetivamente. Pressione a barra do ESPAÇO para começar.'}
2.3270 	EXP 	textBlank200: autoDraw = False
2.3270 	EXP 	textOrientationMessage: height = 0.05
2.3270 	EXP 	textOrientationMessage: height = 0.05
2.3270 	EXP 	textOrientationMessage: height = 0.05
2.3270 	EXP 	textOrientationMessage: text = 'Vais fechar e abrir o punho direito ou esquerdo, mediante te apareça as setas "Direita" ou "Esquerda". Pressione a barra do ESPAÇO para começar.'
2.3270 	EXP 	textOrientationMessage: autoDraw = True
21.0765 	DATA 	Keypress: space
21.2353 	EXP 	textOrientationMessage: autoDraw = False
21.2353 	EXP 	polygon_start: autoDraw = True
22.2349 	EXP 	Imported Stimulation.xlsx as conditions, 2 conditions, 4 params
22.2375 	EXP 	Created sequence: random, trialTypes=2, nReps=15, seed=None
22.2382 	EXP 	New trial (rep=0, index=0): {'individual_punho': 'Imagens/right.png', 'ambos_punhos_pes': 'Imagens/up.png', 'instructions1': 'Vais fechar e abrir o punho direito ou esquerdo, mediante te apareça as setas "Direita" ou "Esquerda". Pressione a barra do ESPAÇO para começar.', 'instructions2': 'Vais fechar e abrir ambos os punhos ou os pés, mediante te apareçam as setas "Para cima" ou "Para baixo", respetivamente. Pressione a barra do ESPAÇO para começar.'}
22.2464 	EXP 	polygon_start: autoDraw = False
22.2464 	EXP 	polygon_start: autoDraw = False
22.2464 	EXP 	textrest: autoDraw = True
22.2464 	EXP 	polygon_rest: autoDraw = True
26.4056 	EXP 	textrest: autoDraw = False
26.4056 	EXP 	polygon_rest: autoDraw = False
26.4056 	EXP 	polygonDE: fillColor = <psychopy.colors.Color: transparent, alpha=1.0>
26.4056 	EXP 	polygonDE: borderColor = <psychopy.colors.Color: transparent, alpha=1.0>
26.4056 	EXP 	image: image = 'Imagens/right.png'
26.4056 	EXP 	polygonDE: autoDraw = True
26.4056 	EXP 	polygonDE: fillColor = (-0.35, -0.35, -0.35)
26.4056 	EXP 	image: autoDraw = True
26.4118 	EXP 	polygonDE: fillColor = (-0.35, -0.35, -0.35)
26.4210 	EXP 	polygonDE: fillColor = (-0.35, -0.35, -0.35)
26.4376 	EXP 	polygonDE: fillColor = (-0.35, -0.35, -0.35)
26.4544 	EXP 	polygonDE: fillColor = (-0.35, -0.35, -0.35)
26.4710 	EXP 	polygonDE: fillColor = (-0.35, -0.35, -0.35)
26.4876 	EXP 	polygonDE: fillColor = (-0.35, -0.35, -0.35)
26.5043 	EXP 	polygonDE: fillColor = (-0.35, -0.35, -0.35)
26.5211 	EXP 	polygonDE: fillColor = (-0.35, -0.35, -0.35)
26.5377 	EXP 	polygonDE: fillColor = (-0.35, -0.35, -0.35)
26.5543 	EXP 	polygonDE: fillColor = (-0.35, -0.35, -0.35)
26.5711 	EXP 	polygonDE: fillColor = (-0.35, -0.35, -0.35)
26.5876 	EXP 	polygonDE: fillColor = (-0.35, -0.35, -0.35)
26.6043 	EXP 	polygonDE: fillColor = (-0.35, -0.35, -0.35)
26.6211 	EXP 	polygonDE: fillColor = (-0.35, -0.35, -0.35)
26.6376 	EXP 	polygonDE: fillColor = (-0.35, -0.35, -0.35)
26.6544 	EXP 	polygonDE: fillColor = (-0.35, -0.35, -0.35)
26.6709 	EXP 	polygonDE: fillColor = (-0.35, -0.35, -0.35)
26.6875 	EXP 	polygonDE: fillColor = (-0.35, -0.35, -0.35)
26.7043 	EXP 	polygonDE: fillColor = (-0.35, -0.35, -0.35)
26.7213 	EXP 	polygonDE: fillColor = (-0.35, -0.35, -0.35)
26.7377 	EXP 	polygonDE: fillColor = (-0.35, -0.35, -0.35)
26.7545 	EXP 	polygonDE: fillColor = (-0.35, -0.35, -0.35)
26.7711 	EXP 	polygonDE: fillColor = (-0.35, -0.35, -0.35)
26.7878 	EXP 	polygonDE: fillColor = (-0.35, -0.35, -0.35)
26.8044 	EXP 	polygonDE: fillColor = (-0.35, -0.35, -0.35)
26.8210 	EXP 	polygonDE: fillColor = (-0.35, -0.35, -0.35)
26.8378 	EXP 	polygonDE: fillColor = (-0.35, -0.35, -0.35)
26.8544 	EXP 	polygonDE: fillColor = (-0.35, -0.35, -0.35)
26.8709 	EXP 	polygonDE: fillColor = (-0.35, -0.35, -0.35)
26.8878 	EXP 	polygonDE: fillColor = (-0.35, -0.35, -0.35)
26.9044 	EXP 	polygonDE: fillColor = (-0.35, -0.35, -0.35)
26.9210 	EXP 	polygonDE: fillColor = (-0.35, -0.35, -0.35)
26.9377 	EXP 	polygonDE: fillColor = (-0.35, -0.35, -0.35)
26.9543 	EXP 	polygonDE: fillColor = (-0.35, -0.35, -0.35)
26.9710 	EXP 	polygonDE: fillColor = (-0.35, -0.35, -0.35)
26.9876 	EXP 	polygonDE: fillColor = (-0.35, -0.35, -0.35)
27.0044 	EXP 	polygonDE: fillColor = (-0.35, -0.35, -0.35)
27.0210 	EXP 	polygonDE: fillColor = (-0.35, -0.35, -0.35)
27.0376 	EXP 	polygonDE: fillColor = (-0.35, -0.35, -0.35)
27.0544 	EXP 	polygonDE: fillColor = (-0.35, -0.35, -0.35)
27.0710 	EXP 	polygonDE: fillColor = (-0.35, -0.35, -0.35)
27.0877 	EXP 	polygonDE: fillColor = (-0.35, -0.35, -0.35)
27.1043 	EXP 	polygonDE: fillColor = (-0.35, -0.35, -0.35)
27.1210 	EXP 	polygonDE: fillColor = (-0.35, -0.35, -0.35)
27.1375 	EXP 	polygonDE: fillColor = (-0.35, -0.35, -0.35)
27.1543 	EXP 	polygonDE: fillColor = (-0.35, -0.35, -0.35)
27.1710 	EXP 	polygonDE: fillColor = (-0.35, -0.35, -0.35)
27.1876 	EXP 	polygonDE: fillColor = (-0.35, -0.35, -0.35)
27.2045 	EXP 	polygonDE: fillColor = (-0.35, -0.35, -0.35)
27.2209 	EXP 	polygonDE: fillColor = (-0.35, -0.35, -0.35)
27.2376 	EXP 	polygonDE: fillColor = (-0.35, -0.35, -0.35)
27.2544 	EXP 	polygonDE: fillColor = (-0.35, -0.35, -0.35)
27.2710 	EXP 	polygonDE: fillColor = (-0.35, -0.35, -0.35)
27.2877 	EXP 	polygonDE: fillColor = (-0.35, -0.35, -0.35)
27.3043 	EXP 	polygonDE: fillColor = (-0.35, -0.35, -0.35)
27.3210 	EXP 	polygonDE: fillColor = (-0.35, -0.35, -0.35)
27.3376 	EXP 	polygonDE: fillColor = (-0.35, -0.35, -0.35)
27.3542 	EXP 	polygonDE: fillColor = (-0.35, -0.35, -0.35)
27.3711 	EXP 	polygonDE: fillColor = (-0.35, -0.35, -0.35)
27.3877 	EXP 	polygonDE: fillColor = (-0.35, -0.35, -0.35)
27.4043 	EXP 	polygonDE: fillColor = (-0.35, -0.35, -0.35)
27.4210 	EXP 	polygonDE: fillColor = (-0.35, -0.35, -0.35)
27.4377 	EXP 	polygonDE: fillColor = (-0.35, -0.35, -0.35)
27.4544 	EXP 	polygonDE: fillColor = (-0.35, -0.35, -0.35)
27.4709 	EXP 	polygonDE: fillColor = (-0.35, -0.35, -0.35)
27.4877 	EXP 	polygonDE: fillColor = (-0.35, -0.35, -0.35)
27.5043 	EXP 	polygonDE: fillColor = (-0.35, -0.35, -0.35)
27.5210 	EXP 	polygonDE: fillColor = (-0.35, -0.35, -0.35)
27.5377 	EXP 	polygonDE: fillColor = (-0.35, -0.35, -0.35)
27.5542 	EXP 	polygonDE: fillColor = (-0.35, -0.35, -0.35)
27.5711 	EXP 	polygonDE: fillColor = (-0.35, -0.35, -0.35)
27.5877 	EXP 	polygonDE: fillColor = (-0.35, -0.35, -0.35)
27.6043 	EXP 	polygonDE: fillColor = (-0.35, -0.35, -0.35)
27.6211 	EXP 	polygonDE: fillColor = (-0.35, -0.35, -0.35)
27.6377 	EXP 	polygonDE: fillColor = (-0.35, -0.35, -0.35)
27.6543 	EXP 	polygonDE: fillColor = (-0.35, -0.35, -0.35)
27.6711 	EXP 	polygonDE: fillColor = (-0.35, -0.35, -0.35)
27.6877 	EXP 	polygonDE: fillColor = (-0.35, -0.35, -0.35)
27.7042 	EXP 	polygonDE: fillColor = (-0.35, -0.35, -0.35)
27.7210 	EXP 	polygonDE: fillColor = (-0.35, -0.35, -0.35)
27.7378 	EXP 	polygonDE: fillColor = (-0.35, -0.35, -0.35)
27.7543 	EXP 	polygonDE: fillColor = (-0.35, -0.35, -0.35)
27.7710 	EXP 	polygonDE: fillColor = (-0.35, -0.35, -0.35)
27.7877 	EXP 	polygonDE: fillColor = (-0.35, -0.35, -0.35)
27.8043 	EXP 	polygonDE: fillColor = (-0.35, -0.35, -0.35)
27.8208 	EXP 	polygonDE: fillColor = (-0.35, -0.35, -0.35)
27.8375 	EXP 	polygonDE: fillColor = (-0.35, -0.35, -0.35)
27.8543 	EXP 	polygonDE: fillColor = (-0.35, -0.35, -0.35)
27.8709 	EXP 	polygonDE: fillColor = (-0.35, -0.35, -0.35)
27.8877 	EXP 	polygonDE: fillColor = (-0.35, -0.35, -0.35)
27.9042 	EXP 	polygonDE: fillColor = (-0.35, -0.35, -0.35)
27.9208 	EXP 	polygonDE: fillColor = (-0.35, -0.35, -0.35)
27.9376 	EXP 	polygonDE: fillColor = (-0.35, -0.35, -0.35)
27.9543 	EXP 	polygonDE: fillColor = (-0.35, -0.35, -0.35)
27.9708 	EXP 	polygonDE: fillColor = (-0.35, -0.35, -0.35)
27.9877 	EXP 	polygonDE: fillColor = (-0.35, -0.35, -0.35)
28.0042 	EXP 	polygonDE: fillColor = (-0.35, -0.35, -0.35)
28.0209 	EXP 	polygonDE: fillColor = (-0.35, -0.35, -0.35)
28.0376 	EXP 	polygonDE: fillColor = (-0.35, -0.35, -0.35)
28.0543 	EXP 	polygonDE: fillColor = (-0.35, -0.35, -0.35)
28.0708 	EXP 	polygonDE: fillColor = (-0.35, -0.35, -0.35)
28.0876 	EXP 	polygonDE: fillColor = (-0.35, -0.35, -0.35)
28.1043 	EXP 	polygonDE: fillColor = (-0.35, -0.35, -0.35)
28.1209 	EXP 	polygonDE: fillColor = (-0.35, -0.35, -0.35)
28.1376 	EXP 	polygonDE: fillColor = (-0.35, -0.35, -0.35)
28.1543 	EXP 	polygonDE: fillColor = (-0.35, -0.35, -0.35)
28.1710 	EXP 	polygonDE: fillColor = (-0.35, -0.35, -0.35)
28.1876 	EXP 	polygonDE: fillColor = (-0.35, -0.35, -0.35)
28.2043 	EXP 	polygonDE: fillColor = (-0.35, -0.35, -0.35)
28.2209 	EXP 	polygonDE: fillColor = (-0.35, -0.35, -0.35)
28.2375 	EXP 	polygonDE: fillColor = (-0.35, -0.35, -0.35)
28.2542 	EXP 	polygonDE: fillColor = (-0.35, -0.35, -0.35)
28.2707 	EXP 	polygonDE: fillColor = (-0.35, -0.35, -0.35)
28.2875 	EXP 	polygonDE: fillColor = (-0.35, -0.35, -0.35)
28.3043 	EXP 	polygonDE: fillColor = (-0.35, -0.35, -0.35)
28.3208 	EXP 	polygonDE: fillColor = (-0.35, -0.35, -0.35)
28.3377 	EXP 	polygonDE: fillColor = (-0.35, -0.35, -0.35)
28.3542 	EXP 	polygonDE: fillColor = (-0.35, -0.35, -0.35)
28.3710 	EXP 	polygonDE: fillColor = (-0.35, -0.35, -0.35)
28.3877 	EXP 	polygonDE: fillColor = (-0.35, -0.35, -0.35)
28.4042 	EXP 	polygonDE: fillColor = (-0.35, -0.35, -0.35)
28.4210 	EXP 	polygonDE: fillColor = (-0.35, -0.35, -0.35)
28.4375 	EXP 	polygonDE: fillColor = (-0.35, -0.35, -0.35)
28.4541 	EXP 	polygonDE: fillColor = (-0.35, -0.35, -0.35)
28.4709 	EXP 	polygonDE: fillColor = (-0.35, -0.35, -0.35)
28.4875 	EXP 	polygonDE: fillColor = (-0.35, -0.35, -0.35)
28.5042 	EXP 	polygonDE: fillColor = (-0.35, -0.35, -0.35)
28.5209 	EXP 	polygonDE: fillColor = (-0.35, -0.35, -0.35)
28.5376 	EXP 	polygonDE: fillColor = (-0.35, -0.35, -0.35)
28.5543 	EXP 	polygonDE: fillColor = (-0.35, -0.35, -0.35)
28.5709 	EXP 	polygonDE: fillColor = (-0.35, -0.35, -0.35)
28.5875 	EXP 	polygonDE: fillColor = (-0.35, -0.35, -0.35)
28.6041 	EXP 	polygonDE: fillColor = (-0.35, -0.35, -0.35)
28.6208 	EXP 	polygonDE: fillColor = (-0.35, -0.35, -0.35)
28.6374 	EXP 	polygonDE: fillColor = (-0.35, -0.35, -0.35)
28.6542 	EXP 	polygonDE: fillColor = (-0.35, -0.35, -0.35)
28.6709 	EXP 	polygonDE: fillColor = (-0.35, -0.35, -0.35)
28.6875 	EXP 	polygonDE: fillColor = (-0.35, -0.35, -0.35)
28.7042 	EXP 	polygonDE: fillColor = (-0.35, -0.35, -0.35)
28.7208 	EXP 	polygonDE: fillColor = (-0.35, -0.35, -0.35)
28.7375 	EXP 	polygonDE: fillColor = (-0.35, -0.35, -0.35)
28.7542 	EXP 	polygonDE: fillColor = (-0.35, -0.35, -0.35)
28.7708 	EXP 	polygonDE: fillColor = (-0.35, -0.35, -0.35)
28.7875 	EXP 	polygonDE: fillColor = (-0.35, -0.35, -0.35)
28.8042 	EXP 	polygonDE: fillColor = (-0.35, -0.35, -0.35)
28.8209 	EXP 	polygonDE: fillColor = (-0.35, -0.35, -0.35)
28.8375 	EXP 	polygonDE: fillColor = (-0.35, -0.35, -0.35)
28.8542 	EXP 	polygonDE: fillColor = (-0.35, -0.35, -0.35)
28.8708 	EXP 	polygonDE: fillColor = (-0.35, -0.35, -0.35)
28.8875 	EXP 	polygonDE: fillColor = (-0.35, -0.35, -0.35)
28.9042 	EXP 	polygonDE: fillColor = (-0.35, -0.35, -0.35)
28.9210 	EXP 	polygonDE: fillColor = (-0.35, -0.35, -0.35)
28.9375 	EXP 	polygonDE: fillColor = (-0.35, -0.35, -0.35)
28.9541 	EXP 	polygonDE: fillColor = (-0.35, -0.35, -0.35)
28.9707 	EXP 	polygonDE: fillColor = (-0.35, -0.35, -0.35)
28.9875 	EXP 	polygonDE: fillColor = (-0.35, -0.35, -0.35)
29.0047 	EXP 	polygonDE: fillColor = (-0.35, -0.35, -0.35)
29.0209 	EXP 	polygonDE: fillColor = (-0.35, -0.35, -0.35)
29.0379 	EXP 	polygonDE: fillColor = (-0.35, -0.35, -0.35)
29.0544 	EXP 	polygonDE: fillColor = (-0.35, -0.35, -0.35)
29.0711 	EXP 	polygonDE: fillColor = (-0.35, -0.35, -0.35)
29.0877 	EXP 	polygonDE: fillColor = (-0.35, -0.35, -0.35)
29.1044 	EXP 	polygonDE: fillColor = (-0.35, -0.35, -0.35)
29.1210 	EXP 	polygonDE: fillColor = (-0.35, -0.35, -0.35)
29.1378 	EXP 	polygonDE: fillColor = (-0.35, -0.35, -0.35)
29.1544 	EXP 	polygonDE: fillColor = (-0.35, -0.35, -0.35)
29.1710 	EXP 	polygonDE: fillColor = (-0.35, -0.35, -0.35)
29.1878 	EXP 	polygonDE: fillColor = (-0.35, -0.35, -0.35)
29.2043 	EXP 	polygonDE: fillColor = (-0.35, -0.35, -0.35)
29.2208 	EXP 	polygonDE: fillColor = (-0.35, -0.35, -0.35)
29.2375 	EXP 	polygonDE: fillColor = (-0.35, -0.35, -0.35)
29.2541 	EXP 	polygonDE: fillColor = (-0.35, -0.35, -0.35)
29.2709 	EXP 	polygonDE: fillColor = (-0.35, -0.35, -0.35)
29.2873 	EXP 	polygonDE: fillColor = (-0.35, -0.35, -0.35)
29.3042 	EXP 	polygonDE: fillColor = (-0.35, -0.35, -0.35)
29.3208 	EXP 	polygonDE: fillColor = (-0.35, -0.35, -0.35)
29.3375 	EXP 	polygonDE: fillColor = (-0.35, -0.35, -0.35)
29.3541 	EXP 	polygonDE: fillColor = (-0.35, -0.35, -0.35)
29.3708 	EXP 	polygonDE: fillColor = (-0.35, -0.35, -0.35)
29.3873 	EXP 	polygonDE: fillColor = (-0.35, -0.35, -0.35)
29.4041 	EXP 	polygonDE: fillColor = (-0.35, -0.35, -0.35)
29.4208 	EXP 	polygonDE: fillColor = (-0.35, -0.35, -0.35)
29.4374 	EXP 	polygonDE: fillColor = (-0.35, -0.35, -0.35)
29.4541 	EXP 	polygonDE: fillColor = (-0.35, -0.35, -0.35)
29.4708 	EXP 	polygonDE: fillColor = (-0.35, -0.35, -0.35)
29.4873 	EXP 	polygonDE: fillColor = (-0.35, -0.35, -0.35)
29.5041 	EXP 	polygonDE: fillColor = (-0.35, -0.35, -0.35)
29.5207 	EXP 	polygonDE: fillColor = (-0.35, -0.35, -0.35)
29.5374 	EXP 	polygonDE: fillColor = (-0.35, -0.35, -0.35)
29.5541 	EXP 	polygonDE: fillColor = (-0.35, -0.35, -0.35)
29.5708 	EXP 	polygonDE: fillColor = (-0.35, -0.35, -0.35)
29.5874 	EXP 	polygonDE: fillColor = (-0.35, -0.35, -0.35)
29.6042 	EXP 	polygonDE: fillColor = (-0.35, -0.35, -0.35)
29.6206 	EXP 	polygonDE: fillColor = (-0.35, -0.35, -0.35)
29.6375 	EXP 	polygonDE: fillColor = (-0.35, -0.35, -0.35)
29.6539 	EXP 	polygonDE: fillColor = (-0.35, -0.35, -0.35)
29.6707 	EXP 	polygonDE: fillColor = (-0.35, -0.35, -0.35)
29.6875 	EXP 	polygonDE: fillColor = (-0.35, -0.35, -0.35)
29.7041 	EXP 	polygonDE: fillColor = (-0.35, -0.35, -0.35)
29.7208 	EXP 	polygonDE: fillColor = (-0.35, -0.35, -0.35)
29.7373 	EXP 	polygonDE: fillColor = (-0.35, -0.35, -0.35)
29.7541 	EXP 	polygonDE: fillColor = (-0.35, -0.35, -0.35)
29.7707 	EXP 	polygonDE: fillColor = (-0.35, -0.35, -0.35)
29.7874 	EXP 	polygonDE: fillColor = (-0.35, -0.35, -0.35)
29.8041 	EXP 	polygonDE: fillColor = (-0.35, -0.35, -0.35)
29.8207 	EXP 	polygonDE: fillColor = (-0.35, -0.35, -0.35)
29.8373 	EXP 	polygonDE: fillColor = (-0.35, -0.35, -0.35)
29.8541 	EXP 	polygonDE: fillColor = (-0.35, -0.35, -0.35)
29.8707 	EXP 	polygonDE: fillColor = (-0.35, -0.35, -0.35)
29.8874 	EXP 	polygonDE: fillColor = (-0.35, -0.35, -0.35)
29.9040 	EXP 	polygonDE: fillColor = (-0.35, -0.35, -0.35)
29.9206 	EXP 	polygonDE: fillColor = (-0.35, -0.35, -0.35)
29.9373 	EXP 	polygonDE: fillColor = (-0.35, -0.35, -0.35)
29.9541 	EXP 	polygonDE: fillColor = (-0.35, -0.35, -0.35)
29.9707 	EXP 	polygonDE: fillColor = (-0.35, -0.35, -0.35)
29.9873 	EXP 	polygonDE: fillColor = (-0.35, -0.35, -0.35)
30.0040 	EXP 	polygonDE: fillColor = (-0.35, -0.35, -0.35)
30.0207 	EXP 	polygonDE: fillColor = (-0.35, -0.35, -0.35)
30.0374 	EXP 	polygonDE: fillColor = (-0.35, -0.35, -0.35)
30.0540 	EXP 	polygonDE: fillColor = (-0.35, -0.35, -0.35)
30.0707 	EXP 	polygonDE: fillColor = (-0.35, -0.35, -0.35)
30.0873 	EXP 	polygonDE: fillColor = (-0.35, -0.35, -0.35)
30.1039 	EXP 	polygonDE: fillColor = (-0.35, -0.35, -0.35)
30.1207 	EXP 	polygonDE: fillColor = (-0.35, -0.35, -0.35)
30.1373 	EXP 	polygonDE: fillColor = (-0.35, -0.35, -0.35)
30.1540 	EXP 	polygonDE: fillColor = (-0.35, -0.35, -0.35)
30.1707 	EXP 	polygonDE: fillColor = (-0.35, -0.35, -0.35)
30.1873 	EXP 	polygonDE: fillColor = (-0.35, -0.35, -0.35)
30.2040 	EXP 	polygonDE: fillColor = (-0.35, -0.35, -0.35)
30.2208 	EXP 	polygonDE: fillColor = (-0.35, -0.35, -0.35)
30.2373 	EXP 	polygonDE: fillColor = (-0.35, -0.35, -0.35)
30.2379 	EXP 	New trial (rep=0, index=1): {'individual_punho': 'Imagens/left.png', 'ambos_punhos_pes': 'Imagens/down.png', 'instructions1': 'Vais imaginar o movimento de fechar e abrir o punho direito ou esquerdo, mediante te apareça as setas "Direita" ou "Esquerda". Pressione a barra do ESPAÇO para começar.', 'instructions2': 'Vais imaginar o movimento de fechar e abrir ambos os punhos ou os pés, mediante te apareçam "Para cima" ou "Para baixo", respetivamente.  Pressione a barra do ESPAÇO para começar.'}
30.2538 	EXP 	polygonDE: autoDraw = False
30.2538 	EXP 	image: autoDraw = False
30.2538 	EXP 	textrest: autoDraw = True
30.2538 	EXP 	polygon_rest: autoDraw = True
34.4499 	EXP 	textrest: autoDraw = False
34.4499 	EXP 	polygon_rest: autoDraw = False
34.4499 	EXP 	polygonDE: fillColor = <psychopy.colors.Color: transparent, alpha=1.0>
34.4499 	EXP 	polygonDE: borderColor = <psychopy.colors.Color: transparent, alpha=1.0>
34.4499 	EXP 	image: image = 'Imagens/left.png'
34.4499 	EXP 	polygonDE: autoDraw = True
34.4499 	EXP 	image: autoDraw = True
38.2380 	EXP 	New trial (rep=1, index=0): {'individual_punho': 'Imagens/left.png', 'ambos_punhos_pes': 'Imagens/down.png', 'instructions1': 'Vais imaginar o movimento de fechar e abrir o punho direito ou esquerdo, mediante te apareça as setas "Direita" ou "Esquerda". Pressione a barra do ESPAÇO para começar.', 'instructions2': 'Vais imaginar o movimento de fechar e abrir ambos os punhos ou os pés, mediante te apareçam "Para cima" ou "Para baixo", respetivamente.  Pressione a barra do ESPAÇO para começar.'}
38.2524 	EXP 	polygonDE: autoDraw = False
38.2524 	EXP 	image: autoDraw = False
38.2524 	EXP 	textrest: autoDraw = True
38.2524 	EXP 	polygon_rest: autoDraw = True
42.3830 	EXP 	textrest: autoDraw = False
42.3830 	EXP 	polygon_rest: autoDraw = False
42.3830 	EXP 	polygonDE: fillColor = <psychopy.colors.Color: transparent, alpha=1.0>
42.3830 	EXP 	polygonDE: borderColor = <psychopy.colors.Color: transparent, alpha=1.0>
42.3830 	EXP 	image: image = 'Imagens/left.png'
42.3830 	EXP 	polygonDE: autoDraw = True
42.3830 	EXP 	image: autoDraw = True
46.2366 	EXP 	New trial (rep=1, index=1): {'individual_punho': 'Imagens/right.png', 'ambos_punhos_pes': 'Imagens/up.png', 'instructions1': 'Vais fechar e abrir o punho direito ou esquerdo, mediante te apareça as setas "Direita" ou "Esquerda". Pressione a barra do ESPAÇO para começar.', 'instructions2': 'Vais fechar e abrir ambos os punhos ou os pés, mediante te apareçam as setas "Para cima" ou "Para baixo", respetivamente. Pressione a barra do ESPAÇO para começar.'}
46.2516 	EXP 	polygonDE: autoDraw = False
46.2516 	EXP 	image: autoDraw = False
46.2516 	EXP 	textrest: autoDraw = True
46.2516 	EXP 	polygon_rest: autoDraw = True
49.9055 	DATA 	Keypress: escape
50.0356 	EXP 	Motor Imagery: status = STOPPED
50.0509 	EXP 	textrest: autoDraw = False
50.0509 	EXP 	polygon_rest: autoDraw = False
50.0510 	EXP 	Motor Imagery: status = STOPPED
50.3006 	EXP 	window1: mouseVisible = True
